[debug] [2022-10-29T20:12:56.583Z] ----------------------------------------------------------------------
[debug] [2022-10-29T20:12:56.587Z] Command:       C:\Program Files\nodejs\node.exe C:\Users\منصور\AppData\Roaming\npm\node_modules\firebase-tools\lib\bin\firebase.js emulators:start
[debug] [2022-10-29T20:12:56.589Z] CLI Version:   11.14.1
[debug] [2022-10-29T20:12:56.589Z] Platform:      win32
[debug] [2022-10-29T20:12:56.590Z] Node Version:  v16.14.2
[debug] [2022-10-29T20:12:56.591Z] Time:          Sat Oct 29 2022 23:12:56 GMT+0300 (GMT+03:00)
[debug] [2022-10-29T20:12:56.592Z] ----------------------------------------------------------------------
[debug] 
[debug] [2022-10-29T20:12:56.706Z] > command requires scopes: ["email","openid","https://www.googleapis.com/auth/cloudplatformprojects.readonly","https://www.googleapis.com/auth/firebase","https://www.googleapis.com/auth/cloud-platform"]
[debug] [2022-10-29T20:12:56.707Z] > authorizing via signed-in user (maansuur123@gmail.com)
[info] i  emulators: Starting emulators: hosting {"metadata":{"emulator":{"name":"hub"},"message":"Starting emulators: hosting"}}
[debug] [2022-10-29T20:12:56.801Z] [hub] writing locator at C:\Users\DA63~1\AppData\Local\Temp\hub-netflix-clone-aa21d.json
[debug] [2022-10-29T20:12:57.022Z] >>> [apiv2][query] GET https://firebasehosting.googleapis.com/v1beta1/projects/netflix-clone-aa21d/sites 
[debug] [2022-10-29T20:13:00.387Z] <<< [apiv2][status] GET https://firebasehosting.googleapis.com/v1beta1/projects/netflix-clone-aa21d/sites 200
[debug] [2022-10-29T20:13:00.388Z] <<< [apiv2][body] GET https://firebasehosting.googleapis.com/v1beta1/projects/netflix-clone-aa21d/sites {"sites":[{"name":"projects/netflix-clone-aa21d/sites/netfilx-96fa7","defaultUrl":"https://netfilx-96fa7.web.app","appId":"1:795272208041:web:97f86487fb124944e513b8","type":"USER_SITE"},{"name":"projects/netflix-clone-aa21d/sites/netflix-clone-aa21d","defaultUrl":"https://netflix-clone-aa21d.web.app","type":"DEFAULT_SITE"}]}
[debug] [2022-10-29T20:13:00.389Z] >>> [apiv2][query] GET https://firebase.googleapis.com/v1beta1/projects/netflix-clone-aa21d/webApps/-/config [none]
[debug] [2022-10-29T20:13:02.224Z] <<< [apiv2][status] GET https://firebase.googleapis.com/v1beta1/projects/netflix-clone-aa21d/webApps/-/config 200
[debug] [2022-10-29T20:13:02.224Z] <<< [apiv2][body] GET https://firebase.googleapis.com/v1beta1/projects/netflix-clone-aa21d/webApps/-/config {"projectId":"netflix-clone-aa21d","appId":"1:795272208041:web:97f86487fb124944e513b8","storageBucket":"netflix-clone-aa21d.appspot.com","apiKey":"AIzaSyDm_HStOFE02sEbpr_5041SSrb6AXnYb_E","authDomain":"netflix-clone-aa21d.firebaseapp.com","messagingSenderId":"795272208041"}
[info] i  hosting: Serving hosting files from: build {"metadata":{"emulator":{"name":"hosting"},"message":"Serving hosting files from: \u001b[1mbuild\u001b[22m"}}
[info] +  hosting: Local server: http://localhost:5000 {"metadata":{"emulator":{"name":"hosting"},"message":"Local server: \u001b[4m\u001b[1mhttp://localhost:5000\u001b[22m\u001b[24m"}}
[warn] !  emulators: The Emulator UI is not starting, either because none of the emulated products have an interaction layer in Emulator UI or it cannot determine the Project ID. Pass the --project flag to specify a project. {"metadata":{"emulator":{"name":"hub"},"message":"The Emulator UI is not starting, either because none of the emulated products have an interaction layer in Emulator UI or it cannot determine the Project ID. Pass the --project flag to specify a project."}}
[info] 
┌─────────────────────────────────────────────────────────────┐
│ ✔  All emulators ready! It is now safe to connect your app. │
└─────────────────────────────────────────────────────────────┘

┌──────────┬────────────────┐
│ Emulator │ Host:Port      │
├──────────┼────────────────┤
│ Hosting  │ localhost:5000 │
└──────────┴────────────────┘
  Emulator Hub running at localhost:4400
  Other reserved ports: 4500

Issues? Report them at https://github.com/firebase/firebase-tools/issues and attach the *-debug.log files.
 
